app/build/intermediates/manifest_merge_blame_file/debug/manifest-merger-blame-debug-report.txt
1<?xml version="1.0" encoding="utf-8"?>
2<manifest xmlns:android="http://schemas.android.com/apk/res/android"
3    package="br.monteoliva.mynfc"
4    android:versionCode="1"
5    android:versionName="1.0.5" >
6
7    <uses-sdk
8        android:minSdkVersion="19"
8-->src\main\AndroidManifest.xml
9        android:targetSdkVersion="29" />
9-->src\main\AndroidManifest.xml
10
11    <!-- User Permission -->
12    <uses-permission android:name="android.permission.NFC" />
12-->src\main\AndroidManifest.xml:7:5-62
12-->src\main\AndroidManifest.xml:7:22-59
13
14    <!-- Hardware Required -->
15    <uses-feature
15-->src\main\AndroidManifest.xml:10:5-81
16        android:name="android.hardware.nfc"
16-->src\main\AndroidManifest.xml:10:19-54
17        android:required="true" />
17-->src\main\AndroidManifest.xml:10:55-78
18
19    <!-- GPS Permission -->
20    <uses-permission android:name="android.permission.ACCESS_COARSE_LOCATION" />
20-->[br.monteoliva:monteoliva-lib:1.0.20] AndroidManifest.xml:13:5-81
20-->[br.monteoliva:monteoliva-lib:1.0.20] AndroidManifest.xml:13:22-78
21    <uses-permission android:name="android.permission.ACCESS_FINE_LOCATION" />
21-->[br.monteoliva:monteoliva-lib:1.0.20] AndroidManifest.xml:14:5-79
21-->[br.monteoliva:monteoliva-lib:1.0.20] AndroidManifest.xml:14:22-76
22    <uses-permission android:name="android.permission.ACCESS_WIFI_STATE" />
22-->[br.monteoliva:monteoliva-lib:1.0.20] AndroidManifest.xml:15:5-76
22-->[br.monteoliva:monteoliva-lib:1.0.20] AndroidManifest.xml:15:22-73
23    <uses-permission android:name="android.permission.READ_PHONE_STATE" /> <!-- Aplicacao -->
23-->[br.monteoliva:monteoliva-lib:1.0.20] AndroidManifest.xml:16:5-75
23-->[br.monteoliva:monteoliva-lib:1.0.20] AndroidManifest.xml:16:22-72
24    <application
24-->src\main\AndroidManifest.xml:13:5-36:19
25        android:allowBackup="true"
25-->src\main\AndroidManifest.xml:14:9-35
26        android:appComponentFactory="androidx.core.app.CoreComponentFactory"
26-->[androidx.core:core:1.2.0] AndroidManifest.xml:24:18-86
27        android:debuggable="true"
28        android:hardwareAccelerated="true"
28-->src\main\AndroidManifest.xml:18:9-43
29        android:icon="@drawable/ic_launcher"
29-->src\main\AndroidManifest.xml:15:9-45
30        android:label="@string/app_name"
30-->src\main\AndroidManifest.xml:16:9-41
31        android:testOnly="true"
32        android:theme="@style/MyTheme" >
32-->src\main\AndroidManifest.xml:17:9-39
33        <activity
33-->src\main\AndroidManifest.xml:19:9-28:20
34            android:name="br.monteoliva.mynfc.SplashScreen"
34-->src\main\AndroidManifest.xml:20:13-41
35            android:label="@string/app_name"
35-->src\main\AndroidManifest.xml:21:13-45
36            android:screenOrientation="portrait"
36-->src\main\AndroidManifest.xml:23:13-49
37            android:windowSoftInputMode="adjustResize|stateHidden" >
37-->src\main\AndroidManifest.xml:22:13-67
38            <intent-filter>
38-->src\main\AndroidManifest.xml:24:13-27:29
39                <action android:name="android.intent.action.MAIN" />
39-->src\main\AndroidManifest.xml:25:17-69
39-->src\main\AndroidManifest.xml:25:25-66
40
41                <category android:name="android.intent.category.LAUNCHER" />
41-->src\main\AndroidManifest.xml:26:17-77
41-->src\main\AndroidManifest.xml:26:27-74
42            </intent-filter>
43        </activity>
44
45        <!-- Activities -->
46        <activity
46-->src\main\AndroidManifest.xml:31:9-34:52
47            android:name="br.monteoliva.mynfc.Principal"
47-->src\main\AndroidManifest.xml:32:13-38
48            android:screenOrientation="portrait"
48-->src\main\AndroidManifest.xml:34:13-49
49            android:windowSoftInputMode="adjustResize|stateHidden" />
49-->src\main\AndroidManifest.xml:33:13-67
50    </application>
51
52</manifest>